<?xml version="1.0" encoding="UTF-8"?>
<testng-results skipped="0" failed="0" ignored="0" total="1" passed="1">
  <reporter-output>
  </reporter-output>
  <suite name="Default suite" duration-ms="37262" started-at="2018-09-11T10:20:24Z" finished-at="2018-09-11T10:21:02Z">
    <groups>
    </groups>
    <test name="Default test" duration-ms="37262" started-at="2018-09-11T10:20:24Z" finished-at="2018-09-11T10:21:02Z">
      <class name="com.selenium.testng.Irctc">
        <test-method status="PASS" signature="open()[pri:0, instance:com.selenium.testng.Irctc@48eff760]" name="open" is-config="true" duration-ms="14837" started-at="2018-09-11T15:50:24Z" finished-at="2018-09-11T15:50:39Z">
          <reporter-output>
          </reporter-output>
        </test-method> <!-- open -->
        <test-method status="PASS" signature="test1()[pri:0, instance:com.selenium.testng.Irctc@48eff760]" name="test1" duration-ms="18500" started-at="2018-09-11T15:50:39Z" finished-at="2018-09-11T15:50:58Z">
          <reporter-output>
          </reporter-output>
        </test-method> <!-- test1 -->
        <test-method status="PASS" signature="teardown()[pri:0, instance:com.selenium.testng.Irctc@48eff760]" name="teardown" is-config="true" duration-ms="3849" started-at="2018-09-11T15:50:58Z" finished-at="2018-09-11T15:51:02Z">
          <reporter-output>
          </reporter-output>
        </test-method> <!-- teardown -->
      </class> <!-- com.selenium.testng.Irctc -->
    </test> <!-- Default test -->
  </suite> <!-- Default suite -->
</testng-results>
